<?xml version="1.0" encoding="UTF-8"?>
<!-- Generated by org.testng.reporters.JUnitXMLReporter -->
<testsuite hostname="BLRJPT1004D" ignored="0" name="Default test" tests="3" failures="0" timestamp="21 Feb 2019 06:26:16 GMT" time="20.009" errors="0">
  <testcase name="gmailLogoTest" time="0.056" classname="com.test.GoogleTest"/>
  <testcase name="googleLogoTest" time="0.033" classname="com.test.GoogleTest"/>
  <testcase name="googleTitleTest" time="0.007" classname="com.test.GoogleTest"/>
</testsuite> <!-- Default test -->
